app/build/intermediates/manifest_merge_blame_file/debug/manifest-merger-blame-debug-report.txt
1<?xml version="1.0" encoding="utf-8"?>
2<manifest xmlns:android="http://schemas.android.com/apk/res/android"
3    package="dragosholban.com.androidpuzzlegame"
4    android:versionCode="1"
5    android:versionName="1.0" >
6
7    <uses-sdk
8        android:minSdkVersion="16"
8-->src\main\AndroidManifest.xml
9        android:targetSdkVersion="26" />
9-->src\main\AndroidManifest.xml
10
11    <uses-permission android:name="android.permission.INTERNET" />
11-->src\main\AndroidManifest.xml:5:5-67
11-->src\main\AndroidManifest.xml:5:22-64
12    <uses-permission android:name="android.permission.WRITE_EXTERNAL_STORAGE" />
12-->src\main\AndroidManifest.xml:6:5-81
12-->src\main\AndroidManifest.xml:6:22-78
13
14    <application
14-->src\main\AndroidManifest.xml:8:5-40:19
15        android:allowBackup="true"
15-->src\main\AndroidManifest.xml:9:9-35
16        android:appComponentFactory="android.support.v4.app.CoreComponentFactory"
16-->[com.android.support:support-compat:28.0.0] AndroidManifest.xml:22:18-91
17        android:debuggable="true"
18        android:icon="@mipmap/ic_launcher"
18-->src\main\AndroidManifest.xml:10:9-43
19        android:label="@string/app_name"
19-->src\main\AndroidManifest.xml:11:9-41
20        android:roundIcon="@mipmap/ic_launcher_round"
20-->src\main\AndroidManifest.xml:12:9-54
21        android:supportsRtl="true"
21-->src\main\AndroidManifest.xml:13:9-35
22        android:theme="@style/AppTheme" >
22-->src\main\AndroidManifest.xml:14:9-40
23        <activity
23-->src\main\AndroidManifest.xml:15:9-18:68
24            android:name="dragosholban.com.androidpuzzlegame.Puntuacion"
24-->src\main\AndroidManifest.xml:16:13-39
25            android:label="@string/title_activity_puntuacion"
25-->src\main\AndroidManifest.xml:17:13-62
26            android:theme="@style/AppTheme.NoActionBar" />
26-->src\main\AndroidManifest.xml:18:13-56
27        <activity android:name="dragosholban.com.androidpuzzlegame.Web" />
27-->src\main\AndroidManifest.xml:19:9-41
27-->src\main\AndroidManifest.xml:19:19-38
28        <activity
28-->src\main\AndroidManifest.xml:20:9-28:20
29            android:name="dragosholban.com.androidpuzzlegame.MainActivity"
29-->src\main\AndroidManifest.xml:21:13-41
30            android:screenOrientation="portrait" >
30-->src\main\AndroidManifest.xml:22:13-49
31            <intent-filter>
31-->src\main\AndroidManifest.xml:23:13-27:29
32                <action android:name="android.intent.action.MAIN" />
32-->src\main\AndroidManifest.xml:24:17-69
32-->src\main\AndroidManifest.xml:24:25-66
33
34                <category android:name="android.intent.category.LAUNCHER" />
34-->src\main\AndroidManifest.xml:26:17-77
34-->src\main\AndroidManifest.xml:26:27-74
35            </intent-filter>
36        </activity>
37        <activity android:name="dragosholban.com.androidpuzzlegame.PuzzleActivity" />
37-->src\main\AndroidManifest.xml:29:9-52
37-->src\main\AndroidManifest.xml:29:19-49
38
39        <provider
40            android:name="android.support.v4.content.FileProvider"
40-->src\main\AndroidManifest.xml:32:13-67
41            android:authorities="dragosholban.com.androidpuzzlegame.fileprovider"
41-->src\main\AndroidManifest.xml:33:13-64
42            android:exported="false"
42-->src\main\AndroidManifest.xml:34:13-37
43            android:grantUriPermissions="true" >
43-->src\main\AndroidManifest.xml:35:13-47
44            <meta-data
44-->src\main\AndroidManifest.xml:36:13-38:54
45                android:name="android.support.FILE_PROVIDER_PATHS"
45-->src\main\AndroidManifest.xml:37:17-67
46                android:resource="@xml/file_paths" />
46-->src\main\AndroidManifest.xml:38:17-51
47        </provider>
48    </application>
49
50</manifest>